[0914/154521.146:WARNING:chrome_browser_cloud_management_controller.cc(88)] Could not create policy manager as CBCM is not enabled.
[0914/154541.087:INFO:CONSOLE(2)] "[FancyMenu] Initializing JavaScript API...", source: file:///C:/Users/123/AppData/Roaming/.minecraft/fancymenu_data/fancymenu_temp/web/videoplayer/player.html?volume=1.0&fillScreen=false&loop=false&autoPlay=false (2)
[0914/154541.087:INFO:CONSOLE(3)] "[FancyMenu] typeof window.cefQuery: function", source: file:///C:/Users/123/AppData/Roaming/.minecraft/fancymenu_data/fancymenu_temp/web/videoplayer/player.html?volume=1.0&fillScreen=false&loop=false&autoPlay=false (3)
[0914/154541.087:INFO:CONSOLE(10)] "[FancyMenu] cefQuery found after 1 attempts", source: file:///C:/Users/123/AppData/Roaming/.minecraft/fancymenu_data/fancymenu_temp/web/videoplayer/player.html?volume=1.0&fillScreen=false&loop=false&autoPlay=false (10)
[0914/154541.087:INFO:CONSOLE(83)] "[FancyMenu] API initialized successfully", source: file:///C:/Users/123/AppData/Roaming/.minecraft/fancymenu_data/fancymenu_temp/web/videoplayer/player.html?volume=1.0&fillScreen=false&loop=false&autoPlay=false (83)
[0914/154700.244:WARNING:frame_host_impl.cc(609)] SendJavaScript sent to detached frame 21474836481 [5,1] (main) will be ignored
[0914/160510.551:INFO:CONSOLE(2)] "[FancyMenu] Initializing JavaScript API...", source: file:///C:/Users/123/AppData/Roaming/.minecraft/fancymenu_data/fancymenu_temp/web/videoplayer/player.html?volume=1.0&fillScreen=false&loop=false&autoPlay=false (2)
[0914/160510.551:INFO:CONSOLE(3)] "[FancyMenu] typeof window.cefQuery: function", source: file:///C:/Users/123/AppData/Roaming/.minecraft/fancymenu_data/fancymenu_temp/web/videoplayer/player.html?volume=1.0&fillScreen=false&loop=false&autoPlay=false (3)
[0914/160510.551:INFO:CONSOLE(10)] "[FancyMenu] cefQuery found after 1 attempts", source: file:///C:/Users/123/AppData/Roaming/.minecraft/fancymenu_data/fancymenu_temp/web/videoplayer/player.html?volume=1.0&fillScreen=false&loop=false&autoPlay=false (10)
[0914/160510.551:INFO:CONSOLE(83)] "[FancyMenu] API initialized successfully", source: file:///C:/Users/123/AppData/Roaming/.minecraft/fancymenu_data/fancymenu_temp/web/videoplayer/player.html?volume=1.0&fillScreen=false&loop=false&autoPlay=false (83)
[0914/160836.061:WARNING:chrome_browser_cloud_management_controller.cc(88)] Could not create policy manager as CBCM is not enabled.
[0914/160851.312:INFO:CONSOLE(2)] "[FancyMenu] Initializing JavaScript API...", source: file:///C:/Users/123/AppData/Roaming/.minecraft/fancymenu_data/fancymenu_temp/web/videoplayer/player.html?volume=1.0&fillScreen=false&loop=false&autoPlay=false (2)
[0914/160851.312:INFO:CONSOLE(3)] "[FancyMenu] typeof window.cefQuery: function", source: file:///C:/Users/123/AppData/Roaming/.minecraft/fancymenu_data/fancymenu_temp/web/videoplayer/player.html?volume=1.0&fillScreen=false&loop=false&autoPlay=false (3)
[0914/160851.312:INFO:CONSOLE(10)] "[FancyMenu] cefQuery found after 1 attempts", source: file:///C:/Users/123/AppData/Roaming/.minecraft/fancymenu_data/fancymenu_temp/web/videoplayer/player.html?volume=1.0&fillScreen=false&loop=false&autoPlay=false (10)
[0914/160851.312:INFO:CONSOLE(83)] "[FancyMenu] API initialized successfully", source: file:///C:/Users/123/AppData/Roaming/.minecraft/fancymenu_data/fancymenu_temp/web/videoplayer/player.html?volume=1.0&fillScreen=false&loop=false&autoPlay=false (83)
[0914/160955.979:INFO:CONSOLE(2)] "[FancyMenu] Initializing JavaScript API...", source: file:///C:/Users/123/AppData/Roaming/.minecraft/fancymenu_data/fancymenu_temp/web/videoplayer/player.html?volume=1.0&fillScreen=false&loop=false&autoPlay=false (2)
[0914/160955.979:INFO:CONSOLE(3)] "[FancyMenu] typeof window.cefQuery: function", source: file:///C:/Users/123/AppData/Roaming/.minecraft/fancymenu_data/fancymenu_temp/web/videoplayer/player.html?volume=1.0&fillScreen=false&loop=false&autoPlay=false (3)
[0914/160955.979:INFO:CONSOLE(10)] "[FancyMenu] cefQuery found after 1 attempts", source: file:///C:/Users/123/AppData/Roaming/.minecraft/fancymenu_data/fancymenu_temp/web/videoplayer/player.html?volume=1.0&fillScreen=false&loop=false&autoPlay=false (10)
[0914/160955.979:INFO:CONSOLE(83)] "[FancyMenu] API initialized successfully", source: file:///C:/Users/123/AppData/Roaming/.minecraft/fancymenu_data/fancymenu_temp/web/videoplayer/player.html?volume=1.0&fillScreen=false&loop=false&autoPlay=false (83)
[0914/161531.475:WARNING:frame_host_impl.cc(609)] SendJavaScript sent to detached frame 25769803777 [6,1] (main) will be ignored
[0914/161740.811:INFO:CONSOLE(2)] "[FancyMenu] Initializing JavaScript API...", source: file:///C:/Users/123/AppData/Roaming/.minecraft/fancymenu_data/fancymenu_temp/web/videoplayer/player.html?volume=1.0&fillScreen=false&loop=false&autoPlay=false (2)
[0914/161740.811:INFO:CONSOLE(3)] "[FancyMenu] typeof window.cefQuery: function", source: file:///C:/Users/123/AppData/Roaming/.minecraft/fancymenu_data/fancymenu_temp/web/videoplayer/player.html?volume=1.0&fillScreen=false&loop=false&autoPlay=false (3)
[0914/161740.811:INFO:CONSOLE(10)] "[FancyMenu] cefQuery found after 1 attempts", source: file:///C:/Users/123/AppData/Roaming/.minecraft/fancymenu_data/fancymenu_temp/web/videoplayer/player.html?volume=1.0&fillScreen=false&loop=false&autoPlay=false (10)
[0914/161740.811:INFO:CONSOLE(83)] "[FancyMenu] API initialized successfully", source: file:///C:/Users/123/AppData/Roaming/.minecraft/fancymenu_data/fancymenu_temp/web/videoplayer/player.html?volume=1.0&fillScreen=false&loop=false&autoPlay=false (83)
[0914/161926.738:WARNING:frame_host_impl.cc(609)] SendJavaScript sent to detached frame 34359738369 [8,1] (main) will be ignored
[0914/162111.542:INFO:CONSOLE(2)] "[FancyMenu] Initializing JavaScript API...", source: file:///C:/Users/123/AppData/Roaming/.minecraft/fancymenu_data/fancymenu_temp/web/videoplayer/player.html?volume=1.0&fillScreen=false&loop=false&autoPlay=false (2)
[0914/162111.543:INFO:CONSOLE(3)] "[FancyMenu] typeof window.cefQuery: function", source: file:///C:/Users/123/AppData/Roaming/.minecraft/fancymenu_data/fancymenu_temp/web/videoplayer/player.html?volume=1.0&fillScreen=false&loop=false&autoPlay=false (3)
[0914/162111.543:INFO:CONSOLE(10)] "[FancyMenu] cefQuery found after 1 attempts", source: file:///C:/Users/123/AppData/Roaming/.minecraft/fancymenu_data/fancymenu_temp/web/videoplayer/player.html?volume=1.0&fillScreen=false&loop=false&autoPlay=false (10)
[0914/162111.543:INFO:CONSOLE(83)] "[FancyMenu] API initialized successfully", source: file:///C:/Users/123/AppData/Roaming/.minecraft/fancymenu_data/fancymenu_temp/web/videoplayer/player.html?volume=1.0&fillScreen=false&loop=false&autoPlay=false (83)
[0914/162325.342:WARNING:frame_host_impl.cc(609)] SendJavaScript sent to detached frame 42949672961 [10,1] (main) will be ignored
[0914/162445.097:INFO:CONSOLE(2)] "[FancyMenu] Initializing JavaScript API...", source: file:///C:/Users/123/AppData/Roaming/.minecraft/fancymenu_data/fancymenu_temp/web/videoplayer/player.html?volume=1.0&fillScreen=false&loop=false&autoPlay=false (2)
[0914/162445.097:INFO:CONSOLE(3)] "[FancyMenu] typeof window.cefQuery: function", source: file:///C:/Users/123/AppData/Roaming/.minecraft/fancymenu_data/fancymenu_temp/web/videoplayer/player.html?volume=1.0&fillScreen=false&loop=false&autoPlay=false (3)
[0914/162445.097:INFO:CONSOLE(10)] "[FancyMenu] cefQuery found after 1 attempts", source: file:///C:/Users/123/AppData/Roaming/.minecraft/fancymenu_data/fancymenu_temp/web/videoplayer/player.html?volume=1.0&fillScreen=false&loop=false&autoPlay=false (10)
[0914/162445.097:INFO:CONSOLE(83)] "[FancyMenu] API initialized successfully", source: file:///C:/Users/123/AppData/Roaming/.minecraft/fancymenu_data/fancymenu_temp/web/videoplayer/player.html?volume=1.0&fillScreen=false&loop=false&autoPlay=false (83)
[0914/162459.114:WARNING:frame_host_impl.cc(609)] SendJavaScript sent to detached frame 47244640257 [11,1] (main) will be ignored
[0914/162540.182:INFO:CONSOLE(2)] "[FancyMenu] Initializing JavaScript API...", source: file:///C:/Users/123/AppData/Roaming/.minecraft/fancymenu_data/fancymenu_temp/web/videoplayer/player.html?volume=1.0&fillScreen=false&loop=false&autoPlay=false (2)
[0914/162540.182:INFO:CONSOLE(3)] "[FancyMenu] typeof window.cefQuery: function", source: file:///C:/Users/123/AppData/Roaming/.minecraft/fancymenu_data/fancymenu_temp/web/videoplayer/player.html?volume=1.0&fillScreen=false&loop=false&autoPlay=false (3)
[0914/162540.183:INFO:CONSOLE(10)] "[FancyMenu] cefQuery found after 1 attempts", source: file:///C:/Users/123/AppData/Roaming/.minecraft/fancymenu_data/fancymenu_temp/web/videoplayer/player.html?volume=1.0&fillScreen=false&loop=false&autoPlay=false (10)
[0914/162540.183:INFO:CONSOLE(83)] "[FancyMenu] API initialized successfully", source: file:///C:/Users/123/AppData/Roaming/.minecraft/fancymenu_data/fancymenu_temp/web/videoplayer/player.html?volume=1.0&fillScreen=false&loop=false&autoPlay=false (83)
[0914/162556.614:WARNING:frame_host_impl.cc(609)] SendJavaScript sent to detached frame 51539607553 [12,1] (main) will be ignored
[0914/162818.631:INFO:CONSOLE(2)] "[FancyMenu] Initializing JavaScript API...", source: file:///C:/Users/123/AppData/Roaming/.minecraft/fancymenu_data/fancymenu_temp/web/videoplayer/player.html?volume=1.0&fillScreen=false&loop=false&autoPlay=false (2)
[0914/162818.631:INFO:CONSOLE(3)] "[FancyMenu] typeof window.cefQuery: function", source: file:///C:/Users/123/AppData/Roaming/.minecraft/fancymenu_data/fancymenu_temp/web/videoplayer/player.html?volume=1.0&fillScreen=false&loop=false&autoPlay=false (3)
[0914/162818.631:INFO:CONSOLE(10)] "[FancyMenu] cefQuery found after 1 attempts", source: file:///C:/Users/123/AppData/Roaming/.minecraft/fancymenu_data/fancymenu_temp/web/videoplayer/player.html?volume=1.0&fillScreen=false&loop=false&autoPlay=false (10)
[0914/162818.631:INFO:CONSOLE(83)] "[FancyMenu] API initialized successfully", source: file:///C:/Users/123/AppData/Roaming/.minecraft/fancymenu_data/fancymenu_temp/web/videoplayer/player.html?volume=1.0&fillScreen=false&loop=false&autoPlay=false (83)
[0914/163345.180:INFO:CONSOLE(2)] "[FancyMenu] Initializing JavaScript API...", source: file:///C:/Users/123/AppData/Roaming/.minecraft/fancymenu_data/fancymenu_temp/web/videoplayer/player.html?volume=1.0&fillScreen=false&loop=false&autoPlay=false (2)
[0914/163345.180:INFO:CONSOLE(3)] "[FancyMenu] typeof window.cefQuery: function", source: file:///C:/Users/123/AppData/Roaming/.minecraft/fancymenu_data/fancymenu_temp/web/videoplayer/player.html?volume=1.0&fillScreen=false&loop=false&autoPlay=false (3)
[0914/163345.180:INFO:CONSOLE(10)] "[FancyMenu] cefQuery found after 1 attempts", source: file:///C:/Users/123/AppData/Roaming/.minecraft/fancymenu_data/fancymenu_temp/web/videoplayer/player.html?volume=1.0&fillScreen=false&loop=false&autoPlay=false (10)
[0914/163345.180:INFO:CONSOLE(83)] "[FancyMenu] API initialized successfully", source: file:///C:/Users/123/AppData/Roaming/.minecraft/fancymenu_data/fancymenu_temp/web/videoplayer/player.html?volume=1.0&fillScreen=false&loop=false&autoPlay=false (83)
[0914/163503.088:WARNING:frame_host_impl.cc(609)] SendJavaScript sent to detached frame 60129542145 [14,1] (main) will be ignored
[0914/163540.684:INFO:CONSOLE(2)] "[FancyMenu] Initializing JavaScript API...", source: file:///C:/Users/123/AppData/Roaming/.minecraft/fancymenu_data/fancymenu_temp/web/videoplayer/player.html?volume=1.0&fillScreen=false&loop=false&autoPlay=false (2)
[0914/163540.684:INFO:CONSOLE(3)] "[FancyMenu] typeof window.cefQuery: function", source: file:///C:/Users/123/AppData/Roaming/.minecraft/fancymenu_data/fancymenu_temp/web/videoplayer/player.html?volume=1.0&fillScreen=false&loop=false&autoPlay=false (3)
[0914/163540.685:INFO:CONSOLE(10)] "[FancyMenu] cefQuery found after 1 attempts", source: file:///C:/Users/123/AppData/Roaming/.minecraft/fancymenu_data/fancymenu_temp/web/videoplayer/player.html?volume=1.0&fillScreen=false&loop=false&autoPlay=false (10)
[0914/163540.685:INFO:CONSOLE(83)] "[FancyMenu] API initialized successfully", source: file:///C:/Users/123/AppData/Roaming/.minecraft/fancymenu_data/fancymenu_temp/web/videoplayer/player.html?volume=1.0&fillScreen=false&loop=false&autoPlay=false (83)
[0914/163653.950:WARNING:frame_host_impl.cc(609)] SendJavaScript sent to detached frame 64424509441 [15,1] (main) will be ignored
[0914/163718.438:INFO:CONSOLE(2)] "[FancyMenu] Initializing JavaScript API...", source: file:///C:/Users/123/AppData/Roaming/.minecraft/fancymenu_data/fancymenu_temp/web/videoplayer/player.html?volume=1.0&fillScreen=false&loop=false&autoPlay=false (2)
[0914/163718.438:INFO:CONSOLE(3)] "[FancyMenu] typeof window.cefQuery: function", source: file:///C:/Users/123/AppData/Roaming/.minecraft/fancymenu_data/fancymenu_temp/web/videoplayer/player.html?volume=1.0&fillScreen=false&loop=false&autoPlay=false (3)
[0914/163718.438:INFO:CONSOLE(10)] "[FancyMenu] cefQuery found after 1 attempts", source: file:///C:/Users/123/AppData/Roaming/.minecraft/fancymenu_data/fancymenu_temp/web/videoplayer/player.html?volume=1.0&fillScreen=false&loop=false&autoPlay=false (10)
[0914/163718.438:INFO:CONSOLE(83)] "[FancyMenu] API initialized successfully", source: file:///C:/Users/123/AppData/Roaming/.minecraft/fancymenu_data/fancymenu_temp/web/videoplayer/player.html?volume=1.0&fillScreen=false&loop=false&autoPlay=false (83)
[0914/163846.011:WARNING:frame_host_impl.cc(609)] SendJavaScript sent to detached frame 68719476737 [16,1] (main) will be ignored
[0914/164043.800:INFO:CONSOLE(2)] "[FancyMenu] Initializing JavaScript API...", source: file:///C:/Users/123/AppData/Roaming/.minecraft/fancymenu_data/fancymenu_temp/web/videoplayer/player.html?volume=1.0&fillScreen=false&loop=false&autoPlay=false (2)
[0914/164043.800:INFO:CONSOLE(3)] "[FancyMenu] typeof window.cefQuery: function", source: file:///C:/Users/123/AppData/Roaming/.minecraft/fancymenu_data/fancymenu_temp/web/videoplayer/player.html?volume=1.0&fillScreen=false&loop=false&autoPlay=false (3)
[0914/164043.800:INFO:CONSOLE(10)] "[FancyMenu] cefQuery found after 1 attempts", source: file:///C:/Users/123/AppData/Roaming/.minecraft/fancymenu_data/fancymenu_temp/web/videoplayer/player.html?volume=1.0&fillScreen=false&loop=false&autoPlay=false (10)
[0914/164043.800:INFO:CONSOLE(83)] "[FancyMenu] API initialized successfully", source: file:///C:/Users/123/AppData/Roaming/.minecraft/fancymenu_data/fancymenu_temp/web/videoplayer/player.html?volume=1.0&fillScreen=false&loop=false&autoPlay=false (83)
[0914/164054.357:WARNING:frame_host_impl.cc(609)] SendJavaScript sent to detached frame 73014444033 [17,1] (main) will be ignored
[0914/164528.454:WARNING:chrome_browser_cloud_management_controller.cc(88)] Could not create policy manager as CBCM is not enabled.
[0914/164548.053:INFO:CONSOLE(2)] "[FancyMenu] Initializing JavaScript API...", source: file:///C:/Users/123/AppData/Roaming/.minecraft/fancymenu_data/fancymenu_temp/web/videoplayer/player.html?volume=1.0&fillScreen=false&loop=false&autoPlay=false (2)
[0914/164548.053:INFO:CONSOLE(3)] "[FancyMenu] typeof window.cefQuery: function", source: file:///C:/Users/123/AppData/Roaming/.minecraft/fancymenu_data/fancymenu_temp/web/videoplayer/player.html?volume=1.0&fillScreen=false&loop=false&autoPlay=false (3)
[0914/164548.053:INFO:CONSOLE(10)] "[FancyMenu] cefQuery found after 1 attempts", source: file:///C:/Users/123/AppData/Roaming/.minecraft/fancymenu_data/fancymenu_temp/web/videoplayer/player.html?volume=1.0&fillScreen=false&loop=false&autoPlay=false (10)
[0914/164548.053:INFO:CONSOLE(83)] "[FancyMenu] API initialized successfully", source: file:///C:/Users/123/AppData/Roaming/.minecraft/fancymenu_data/fancymenu_temp/web/videoplayer/player.html?volume=1.0&fillScreen=false&loop=false&autoPlay=false (83)
[0914/165126.070:INFO:CONSOLE(2)] "[FancyMenu] Initializing JavaScript API...", source: file:///C:/Users/123/AppData/Roaming/.minecraft/fancymenu_data/fancymenu_temp/web/videoplayer/player.html?volume=1.0&fillScreen=false&loop=false&autoPlay=false (2)
[0914/165126.070:INFO:CONSOLE(3)] "[FancyMenu] typeof window.cefQuery: function", source: file:///C:/Users/123/AppData/Roaming/.minecraft/fancymenu_data/fancymenu_temp/web/videoplayer/player.html?volume=1.0&fillScreen=false&loop=false&autoPlay=false (3)
[0914/165126.070:INFO:CONSOLE(10)] "[FancyMenu] cefQuery found after 1 attempts", source: file:///C:/Users/123/AppData/Roaming/.minecraft/fancymenu_data/fancymenu_temp/web/videoplayer/player.html?volume=1.0&fillScreen=false&loop=false&autoPlay=false (10)
[0914/165126.071:INFO:CONSOLE(83)] "[FancyMenu] API initialized successfully", source: file:///C:/Users/123/AppData/Roaming/.minecraft/fancymenu_data/fancymenu_temp/web/videoplayer/player.html?volume=1.0&fillScreen=false&loop=false&autoPlay=false (83)
[0914/165234.663:WARNING:frame_host_impl.cc(609)] SendJavaScript sent to detached frame 25769803777 [6,1] (main) will be ignored
[0914/170509.836:WARNING:chrome_browser_cloud_management_controller.cc(88)] Could not create policy manager as CBCM is not enabled.
[0914/170524.013:INFO:CONSOLE(2)] "[FancyMenu] Initializing JavaScript API...", source: file:///C:/Users/123/AppData/Roaming/.minecraft/fancymenu_data/fancymenu_temp/web/videoplayer/player.html?volume=1.0&fillScreen=false&loop=false&autoPlay=false (2)
[0914/170524.014:INFO:CONSOLE(3)] "[FancyMenu] typeof window.cefQuery: function", source: file:///C:/Users/123/AppData/Roaming/.minecraft/fancymenu_data/fancymenu_temp/web/videoplayer/player.html?volume=1.0&fillScreen=false&loop=false&autoPlay=false (3)
[0914/170524.014:INFO:CONSOLE(10)] "[FancyMenu] cefQuery found after 1 attempts", source: file:///C:/Users/123/AppData/Roaming/.minecraft/fancymenu_data/fancymenu_temp/web/videoplayer/player.html?volume=1.0&fillScreen=false&loop=false&autoPlay=false (10)
[0914/170524.014:INFO:CONSOLE(83)] "[FancyMenu] API initialized successfully", source: file:///C:/Users/123/AppData/Roaming/.minecraft/fancymenu_data/fancymenu_temp/web/videoplayer/player.html?volume=1.0&fillScreen=false&loop=false&autoPlay=false (83)
[0914/171419.039:INFO:CONSOLE(2)] "[FancyMenu] Initializing JavaScript API...", source: file:///C:/Users/123/AppData/Roaming/.minecraft/fancymenu_data/fancymenu_temp/web/videoplayer/player.html?volume=1.0&fillScreen=false&loop=false&autoPlay=false (2)
[0914/171419.039:INFO:CONSOLE(3)] "[FancyMenu] typeof window.cefQuery: function", source: file:///C:/Users/123/AppData/Roaming/.minecraft/fancymenu_data/fancymenu_temp/web/videoplayer/player.html?volume=1.0&fillScreen=false&loop=false&autoPlay=false (3)
[0914/171419.040:INFO:CONSOLE(10)] "[FancyMenu] cefQuery found after 1 attempts", source: file:///C:/Users/123/AppData/Roaming/.minecraft/fancymenu_data/fancymenu_temp/web/videoplayer/player.html?volume=1.0&fillScreen=false&loop=false&autoPlay=false (10)
[0914/171419.040:INFO:CONSOLE(83)] "[FancyMenu] API initialized successfully", source: file:///C:/Users/123/AppData/Roaming/.minecraft/fancymenu_data/fancymenu_temp/web/videoplayer/player.html?volume=1.0&fillScreen=false&loop=false&autoPlay=false (83)
[0914/171431.373:WARNING:frame_host_impl.cc(609)] SendJavaScript sent to detached frame 25769803777 [6,1] (main) will be ignored
[0914/171518.462:INFO:CONSOLE(2)] "[FancyMenu] Initializing JavaScript API...", source: file:///C:/Users/123/AppData/Roaming/.minecraft/fancymenu_data/fancymenu_temp/web/videoplayer/player.html?volume=1.0&fillScreen=false&loop=false&autoPlay=false (2)
[0914/171518.462:INFO:CONSOLE(3)] "[FancyMenu] typeof window.cefQuery: function", source: file:///C:/Users/123/AppData/Roaming/.minecraft/fancymenu_data/fancymenu_temp/web/videoplayer/player.html?volume=1.0&fillScreen=false&loop=false&autoPlay=false (3)
[0914/171518.462:INFO:CONSOLE(10)] "[FancyMenu] cefQuery found after 1 attempts", source: file:///C:/Users/123/AppData/Roaming/.minecraft/fancymenu_data/fancymenu_temp/web/videoplayer/player.html?volume=1.0&fillScreen=false&loop=false&autoPlay=false (10)
[0914/171518.462:INFO:CONSOLE(83)] "[FancyMenu] API initialized successfully", source: file:///C:/Users/123/AppData/Roaming/.minecraft/fancymenu_data/fancymenu_temp/web/videoplayer/player.html?volume=1.0&fillScreen=false&loop=false&autoPlay=false (83)
[0914/171645.074:WARNING:frame_host_impl.cc(609)] SendJavaScript sent to detached frame 38654705665 [9,1] (main) will be ignored
[0914/172138.266:INFO:CONSOLE(2)] "[FancyMenu] Initializing JavaScript API...", source: file:///C:/Users/123/AppData/Roaming/.minecraft/fancymenu_data/fancymenu_temp/web/videoplayer/player.html?volume=1.0&fillScreen=false&loop=false&autoPlay=false (2)
[0914/172138.266:INFO:CONSOLE(3)] "[FancyMenu] typeof window.cefQuery: function", source: file:///C:/Users/123/AppData/Roaming/.minecraft/fancymenu_data/fancymenu_temp/web/videoplayer/player.html?volume=1.0&fillScreen=false&loop=false&autoPlay=false (3)
[0914/172138.266:INFO:CONSOLE(10)] "[FancyMenu] cefQuery found after 1 attempts", source: file:///C:/Users/123/AppData/Roaming/.minecraft/fancymenu_data/fancymenu_temp/web/videoplayer/player.html?volume=1.0&fillScreen=false&loop=false&autoPlay=false (10)
[0914/172138.266:INFO:CONSOLE(83)] "[FancyMenu] API initialized successfully", source: file:///C:/Users/123/AppData/Roaming/.minecraft/fancymenu_data/fancymenu_temp/web/videoplayer/player.html?volume=1.0&fillScreen=false&loop=false&autoPlay=false (83)
[0914/172149.077:WARNING:frame_host_impl.cc(609)] SendJavaScript sent to detached frame 42949672961 [10,1] (main) will be ignored
[0914/172855.836:INFO:CONSOLE(2)] "[FancyMenu] Initializing JavaScript API...", source: file:///C:/Users/123/AppData/Roaming/.minecraft/fancymenu_data/fancymenu_temp/web/videoplayer/player.html?volume=1.0&fillScreen=false&loop=false&autoPlay=false (2)
[0914/172855.836:INFO:CONSOLE(3)] "[FancyMenu] typeof window.cefQuery: function", source: file:///C:/Users/123/AppData/Roaming/.minecraft/fancymenu_data/fancymenu_temp/web/videoplayer/player.html?volume=1.0&fillScreen=false&loop=false&autoPlay=false (3)
[0914/172855.836:INFO:CONSOLE(10)] "[FancyMenu] cefQuery found after 1 attempts", source: file:///C:/Users/123/AppData/Roaming/.minecraft/fancymenu_data/fancymenu_temp/web/videoplayer/player.html?volume=1.0&fillScreen=false&loop=false&autoPlay=false (10)
[0914/172855.836:INFO:CONSOLE(83)] "[FancyMenu] API initialized successfully", source: file:///C:/Users/123/AppData/Roaming/.minecraft/fancymenu_data/fancymenu_temp/web/videoplayer/player.html?volume=1.0&fillScreen=false&loop=false&autoPlay=false (83)
[0914/173417.165:WARNING:chrome_browser_cloud_management_controller.cc(88)] Could not create policy manager as CBCM is not enabled.
[0914/173428.646:INFO:CONSOLE(2)] "[FancyMenu] Initializing JavaScript API...", source: file:///C:/Users/123/AppData/Roaming/.minecraft/fancymenu_data/fancymenu_temp/web/videoplayer/player.html?volume=1.0&fillScreen=false&loop=false&autoPlay=false (2)
[0914/173428.646:INFO:CONSOLE(3)] "[FancyMenu] typeof window.cefQuery: function", source: file:///C:/Users/123/AppData/Roaming/.minecraft/fancymenu_data/fancymenu_temp/web/videoplayer/player.html?volume=1.0&fillScreen=false&loop=false&autoPlay=false (3)
[0914/173428.646:INFO:CONSOLE(10)] "[FancyMenu] cefQuery found after 1 attempts", source: file:///C:/Users/123/AppData/Roaming/.minecraft/fancymenu_data/fancymenu_temp/web/videoplayer/player.html?volume=1.0&fillScreen=false&loop=false&autoPlay=false (10)
[0914/173428.646:INFO:CONSOLE(83)] "[FancyMenu] API initialized successfully", source: file:///C:/Users/123/AppData/Roaming/.minecraft/fancymenu_data/fancymenu_temp/web/videoplayer/player.html?volume=1.0&fillScreen=false&loop=false&autoPlay=false (83)
[0914/180012.620:WARNING:chrome_browser_cloud_management_controller.cc(88)] Could not create policy manager as CBCM is not enabled.
[0914/180027.279:INFO:CONSOLE(2)] "[FancyMenu] Initializing JavaScript API...", source: file:///C:/Users/123/AppData/Roaming/.minecraft/fancymenu_data/fancymenu_temp/web/videoplayer/player.html?volume=1.0&fillScreen=false&loop=false&autoPlay=false (2)
[0914/180027.279:INFO:CONSOLE(3)] "[FancyMenu] typeof window.cefQuery: function", source: file:///C:/Users/123/AppData/Roaming/.minecraft/fancymenu_data/fancymenu_temp/web/videoplayer/player.html?volume=1.0&fillScreen=false&loop=false&autoPlay=false (3)
[0914/180027.279:INFO:CONSOLE(10)] "[FancyMenu] cefQuery found after 1 attempts", source: file:///C:/Users/123/AppData/Roaming/.minecraft/fancymenu_data/fancymenu_temp/web/videoplayer/player.html?volume=1.0&fillScreen=false&loop=false&autoPlay=false (10)
[0914/180027.279:INFO:CONSOLE(83)] "[FancyMenu] API initialized successfully", source: file:///C:/Users/123/AppData/Roaming/.minecraft/fancymenu_data/fancymenu_temp/web/videoplayer/player.html?volume=1.0&fillScreen=false&loop=false&autoPlay=false (83)
[0914/181414.900:WARNING:chrome_browser_cloud_management_controller.cc(88)] Could not create policy manager as CBCM is not enabled.
[0914/181429.379:INFO:CONSOLE(2)] "[FancyMenu] Initializing JavaScript API...", source: file:///C:/Users/123/AppData/Roaming/.minecraft/fancymenu_data/fancymenu_temp/web/videoplayer/player.html?volume=1.0&fillScreen=false&loop=false&autoPlay=false (2)
[0914/181429.379:INFO:CONSOLE(3)] "[FancyMenu] typeof window.cefQuery: function", source: file:///C:/Users/123/AppData/Roaming/.minecraft/fancymenu_data/fancymenu_temp/web/videoplayer/player.html?volume=1.0&fillScreen=false&loop=false&autoPlay=false (3)
[0914/181429.379:INFO:CONSOLE(10)] "[FancyMenu] cefQuery found after 1 attempts", source: file:///C:/Users/123/AppData/Roaming/.minecraft/fancymenu_data/fancymenu_temp/web/videoplayer/player.html?volume=1.0&fillScreen=false&loop=false&autoPlay=false (10)
[0914/181429.379:INFO:CONSOLE(83)] "[FancyMenu] API initialized successfully", source: file:///C:/Users/123/AppData/Roaming/.minecraft/fancymenu_data/fancymenu_temp/web/videoplayer/player.html?volume=1.0&fillScreen=false&loop=false&autoPlay=false (83)
[0914/181604.421:WARNING:frame_host_impl.cc(609)] SendJavaScript sent to detached frame 21474836481 [5,1] (main) will be ignored
[0914/181856.906:INFO:CONSOLE(2)] "[FancyMenu] Initializing JavaScript API...", source: file:///C:/Users/123/AppData/Roaming/.minecraft/fancymenu_data/fancymenu_temp/web/videoplayer/player.html?volume=1.0&fillScreen=false&loop=false&autoPlay=false (2)
[0914/181856.906:INFO:CONSOLE(3)] "[FancyMenu] typeof window.cefQuery: function", source: file:///C:/Users/123/AppData/Roaming/.minecraft/fancymenu_data/fancymenu_temp/web/videoplayer/player.html?volume=1.0&fillScreen=false&loop=false&autoPlay=false (3)
[0914/181856.906:INFO:CONSOLE(10)] "[FancyMenu] cefQuery found after 1 attempts", source: file:///C:/Users/123/AppData/Roaming/.minecraft/fancymenu_data/fancymenu_temp/web/videoplayer/player.html?volume=1.0&fillScreen=false&loop=false&autoPlay=false (10)
[0914/181856.906:INFO:CONSOLE(83)] "[FancyMenu] API initialized successfully", source: file:///C:/Users/123/AppData/Roaming/.minecraft/fancymenu_data/fancymenu_temp/web/videoplayer/player.html?volume=1.0&fillScreen=false&loop=false&autoPlay=false (83)
[0914/183129.806:WARNING:chrome_browser_cloud_management_controller.cc(88)] Could not create policy manager as CBCM is not enabled.
[0914/183143.165:INFO:CONSOLE(2)] "[FancyMenu] Initializing JavaScript API...", source: file:///C:/Users/123/AppData/Roaming/.minecraft/fancymenu_data/fancymenu_temp/web/videoplayer/player.html?volume=1.0&fillScreen=false&loop=false&autoPlay=false (2)
[0914/183143.165:INFO:CONSOLE(3)] "[FancyMenu] typeof window.cefQuery: function", source: file:///C:/Users/123/AppData/Roaming/.minecraft/fancymenu_data/fancymenu_temp/web/videoplayer/player.html?volume=1.0&fillScreen=false&loop=false&autoPlay=false (3)
[0914/183143.165:INFO:CONSOLE(10)] "[FancyMenu] cefQuery found after 1 attempts", source: file:///C:/Users/123/AppData/Roaming/.minecraft/fancymenu_data/fancymenu_temp/web/videoplayer/player.html?volume=1.0&fillScreen=false&loop=false&autoPlay=false (10)
[0914/183143.165:INFO:CONSOLE(83)] "[FancyMenu] API initialized successfully", source: file:///C:/Users/123/AppData/Roaming/.minecraft/fancymenu_data/fancymenu_temp/web/videoplayer/player.html?volume=1.0&fillScreen=false&loop=false&autoPlay=false (83)
[0914/183539.256:INFO:CONSOLE(2)] "[FancyMenu] Initializing JavaScript API...", source: file:///C:/Users/123/AppData/Roaming/.minecraft/fancymenu_data/fancymenu_temp/web/videoplayer/player.html?volume=1.0&fillScreen=false&loop=false&autoPlay=false (2)
[0914/183539.256:INFO:CONSOLE(3)] "[FancyMenu] typeof window.cefQuery: function", source: file:///C:/Users/123/AppData/Roaming/.minecraft/fancymenu_data/fancymenu_temp/web/videoplayer/player.html?volume=1.0&fillScreen=false&loop=false&autoPlay=false (3)
[0914/183539.256:INFO:CONSOLE(10)] "[FancyMenu] cefQuery found after 1 attempts", source: file:///C:/Users/123/AppData/Roaming/.minecraft/fancymenu_data/fancymenu_temp/web/videoplayer/player.html?volume=1.0&fillScreen=false&loop=false&autoPlay=false (10)
[0914/183539.256:INFO:CONSOLE(83)] "[FancyMenu] API initialized successfully", source: file:///C:/Users/123/AppData/Roaming/.minecraft/fancymenu_data/fancymenu_temp/web/videoplayer/player.html?volume=1.0&fillScreen=false&loop=false&autoPlay=false (83)
[0914/183739.838:WARNING:chrome_browser_cloud_management_controller.cc(88)] Could not create policy manager as CBCM is not enabled.
[0914/183752.698:INFO:CONSOLE(2)] "[FancyMenu] Initializing JavaScript API...", source: file:///C:/Users/123/AppData/Roaming/.minecraft/fancymenu_data/fancymenu_temp/web/videoplayer/player.html?volume=1.0&fillScreen=false&loop=false&autoPlay=false (2)
[0914/183752.698:INFO:CONSOLE(3)] "[FancyMenu] typeof window.cefQuery: function", source: file:///C:/Users/123/AppData/Roaming/.minecraft/fancymenu_data/fancymenu_temp/web/videoplayer/player.html?volume=1.0&fillScreen=false&loop=false&autoPlay=false (3)
[0914/183752.698:INFO:CONSOLE(10)] "[FancyMenu] cefQuery found after 1 attempts", source: file:///C:/Users/123/AppData/Roaming/.minecraft/fancymenu_data/fancymenu_temp/web/videoplayer/player.html?volume=1.0&fillScreen=false&loop=false&autoPlay=false (10)
[0914/183752.698:INFO:CONSOLE(83)] "[FancyMenu] API initialized successfully", source: file:///C:/Users/123/AppData/Roaming/.minecraft/fancymenu_data/fancymenu_temp/web/videoplayer/player.html?volume=1.0&fillScreen=false&loop=false&autoPlay=false (83)
[0914/183911.188:INFO:CONSOLE(2)] "[FancyMenu] Initializing JavaScript API...", source: file:///C:/Users/123/AppData/Roaming/.minecraft/fancymenu_data/fancymenu_temp/web/videoplayer/player.html?volume=1.0&fillScreen=false&loop=false&autoPlay=false (2)
[0914/183911.188:INFO:CONSOLE(3)] "[FancyMenu] typeof window.cefQuery: function", source: file:///C:/Users/123/AppData/Roaming/.minecraft/fancymenu_data/fancymenu_temp/web/videoplayer/player.html?volume=1.0&fillScreen=false&loop=false&autoPlay=false (3)
[0914/183911.188:INFO:CONSOLE(10)] "[FancyMenu] cefQuery found after 1 attempts", source: file:///C:/Users/123/AppData/Roaming/.minecraft/fancymenu_data/fancymenu_temp/web/videoplayer/player.html?volume=1.0&fillScreen=false&loop=false&autoPlay=false (10)
[0914/183911.188:INFO:CONSOLE(83)] "[FancyMenu] API initialized successfully", source: file:///C:/Users/123/AppData/Roaming/.minecraft/fancymenu_data/fancymenu_temp/web/videoplayer/player.html?volume=1.0&fillScreen=false&loop=false&autoPlay=false (83)
[0914/183925.602:WARNING:frame_host_impl.cc(609)] SendJavaScript sent to detached frame 25769803777 [6,1] (main) will be ignored
[0914/191222.296:WARNING:chrome_browser_cloud_management_controller.cc(88)] Could not create policy manager as CBCM is not enabled.
[0914/191234.466:INFO:CONSOLE(2)] "[FancyMenu] Initializing JavaScript API...", source: file:///C:/Users/123/AppData/Roaming/.minecraft/fancymenu_data/fancymenu_temp/web/videoplayer/player.html?volume=1.0&fillScreen=false&loop=false&autoPlay=false (2)
[0914/191234.466:INFO:CONSOLE(3)] "[FancyMenu] typeof window.cefQuery: function", source: file:///C:/Users/123/AppData/Roaming/.minecraft/fancymenu_data/fancymenu_temp/web/videoplayer/player.html?volume=1.0&fillScreen=false&loop=false&autoPlay=false (3)
[0914/191234.466:INFO:CONSOLE(10)] "[FancyMenu] cefQuery found after 1 attempts", source: file:///C:/Users/123/AppData/Roaming/.minecraft/fancymenu_data/fancymenu_temp/web/videoplayer/player.html?volume=1.0&fillScreen=false&loop=false&autoPlay=false (10)
[0914/191234.466:INFO:CONSOLE(83)] "[FancyMenu] API initialized successfully", source: file:///C:/Users/123/AppData/Roaming/.minecraft/fancymenu_data/fancymenu_temp/web/videoplayer/player.html?volume=1.0&fillScreen=false&loop=false&autoPlay=false (83)
[0914/192338.001:WARNING:chrome_browser_cloud_management_controller.cc(88)] Could not create policy manager as CBCM is not enabled.
[0914/192355.222:INFO:CONSOLE(2)] "[FancyMenu] Initializing JavaScript API...", source: file:///C:/Users/123/AppData/Roaming/.minecraft/fancymenu_data/fancymenu_temp/web/videoplayer/player.html?volume=1.0&fillScreen=false&loop=false&autoPlay=false (2)
[0914/192355.222:INFO:CONSOLE(3)] "[FancyMenu] typeof window.cefQuery: function", source: file:///C:/Users/123/AppData/Roaming/.minecraft/fancymenu_data/fancymenu_temp/web/videoplayer/player.html?volume=1.0&fillScreen=false&loop=false&autoPlay=false (3)
[0914/192355.222:INFO:CONSOLE(10)] "[FancyMenu] cefQuery found after 1 attempts", source: file:///C:/Users/123/AppData/Roaming/.minecraft/fancymenu_data/fancymenu_temp/web/videoplayer/player.html?volume=1.0&fillScreen=false&loop=false&autoPlay=false (10)
[0914/192355.222:INFO:CONSOLE(83)] "[FancyMenu] API initialized successfully", source: file:///C:/Users/123/AppData/Roaming/.minecraft/fancymenu_data/fancymenu_temp/web/videoplayer/player.html?volume=1.0&fillScreen=false&loop=false&autoPlay=false (83)
[0914/193032.090:INFO:CONSOLE(2)] "[FancyMenu] Initializing JavaScript API...", source: file:///C:/Users/123/AppData/Roaming/.minecraft/fancymenu_data/fancymenu_temp/web/videoplayer/player.html?volume=1.0&fillScreen=false&loop=false&autoPlay=false (2)
[0914/193032.090:INFO:CONSOLE(3)] "[FancyMenu] typeof window.cefQuery: function", source: file:///C:/Users/123/AppData/Roaming/.minecraft/fancymenu_data/fancymenu_temp/web/videoplayer/player.html?volume=1.0&fillScreen=false&loop=false&autoPlay=false (3)
[0914/193032.090:INFO:CONSOLE(10)] "[FancyMenu] cefQuery found after 1 attempts", source: file:///C:/Users/123/AppData/Roaming/.minecraft/fancymenu_data/fancymenu_temp/web/videoplayer/player.html?volume=1.0&fillScreen=false&loop=false&autoPlay=false (10)
[0914/193032.090:INFO:CONSOLE(83)] "[FancyMenu] API initialized successfully", source: file:///C:/Users/123/AppData/Roaming/.minecraft/fancymenu_data/fancymenu_temp/web/videoplayer/player.html?volume=1.0&fillScreen=false&loop=false&autoPlay=false (83)
[0914/193044.830:WARNING:frame_host_impl.cc(609)] SendJavaScript sent to detached frame 25769803777 [6,1] (main) will be ignored
[0914/193754.246:INFO:CONSOLE(2)] "[FancyMenu] Initializing JavaScript API...", source: file:///C:/Users/123/AppData/Roaming/.minecraft/fancymenu_data/fancymenu_temp/web/videoplayer/player.html?volume=1.0&fillScreen=false&loop=false&autoPlay=false (2)
[0914/193754.246:INFO:CONSOLE(3)] "[FancyMenu] typeof window.cefQuery: function", source: file:///C:/Users/123/AppData/Roaming/.minecraft/fancymenu_data/fancymenu_temp/web/videoplayer/player.html?volume=1.0&fillScreen=false&loop=false&autoPlay=false (3)
[0914/193754.246:INFO:CONSOLE(10)] "[FancyMenu] cefQuery found after 1 attempts", source: file:///C:/Users/123/AppData/Roaming/.minecraft/fancymenu_data/fancymenu_temp/web/videoplayer/player.html?volume=1.0&fillScreen=false&loop=false&autoPlay=false (10)
[0914/193754.246:INFO:CONSOLE(83)] "[FancyMenu] API initialized successfully", source: file:///C:/Users/123/AppData/Roaming/.minecraft/fancymenu_data/fancymenu_temp/web/videoplayer/player.html?volume=1.0&fillScreen=false&loop=false&autoPlay=false (83)
[0914/193808.399:WARNING:frame_host_impl.cc(609)] SendJavaScript sent to detached frame 38654705665 [9,1] (main) will be ignored
[0914/194506.281:WARNING:chrome_browser_cloud_management_controller.cc(88)] Could not create policy manager as CBCM is not enabled.
[0914/194520.015:INFO:CONSOLE(2)] "[FancyMenu] Initializing JavaScript API...", source: file:///C:/Users/123/AppData/Roaming/.minecraft/fancymenu_data/fancymenu_temp/web/videoplayer/player.html?volume=1.0&fillScreen=false&loop=false&autoPlay=false (2)
[0914/194520.015:INFO:CONSOLE(3)] "[FancyMenu] typeof window.cefQuery: function", source: file:///C:/Users/123/AppData/Roaming/.minecraft/fancymenu_data/fancymenu_temp/web/videoplayer/player.html?volume=1.0&fillScreen=false&loop=false&autoPlay=false (3)
[0914/194520.015:INFO:CONSOLE(10)] "[FancyMenu] cefQuery found after 1 attempts", source: file:///C:/Users/123/AppData/Roaming/.minecraft/fancymenu_data/fancymenu_temp/web/videoplayer/player.html?volume=1.0&fillScreen=false&loop=false&autoPlay=false (10)
[0914/194520.015:INFO:CONSOLE(83)] "[FancyMenu] API initialized successfully", source: file:///C:/Users/123/AppData/Roaming/.minecraft/fancymenu_data/fancymenu_temp/web/videoplayer/player.html?volume=1.0&fillScreen=false&loop=false&autoPlay=false (83)
[0914/194536.642:WARNING:frame_host_impl.cc(609)] SendJavaScript sent to detached frame 21474836481 [5,1] (main) will be ignored
[0914/194600.765:INFO:CONSOLE(2)] "[FancyMenu] Initializing JavaScript API...", source: file:///C:/Users/123/AppData/Roaming/.minecraft/fancymenu_data/fancymenu_temp/web/videoplayer/player.html?volume=1.0&fillScreen=false&loop=false&autoPlay=false (2)
[0914/194600.765:INFO:CONSOLE(3)] "[FancyMenu] typeof window.cefQuery: function", source: file:///C:/Users/123/AppData/Roaming/.minecraft/fancymenu_data/fancymenu_temp/web/videoplayer/player.html?volume=1.0&fillScreen=false&loop=false&autoPlay=false (3)
[0914/194600.765:INFO:CONSOLE(10)] "[FancyMenu] cefQuery found after 1 attempts", source: file:///C:/Users/123/AppData/Roaming/.minecraft/fancymenu_data/fancymenu_temp/web/videoplayer/player.html?volume=1.0&fillScreen=false&loop=false&autoPlay=false (10)
[0914/194600.765:INFO:CONSOLE(83)] "[FancyMenu] API initialized successfully", source: file:///C:/Users/123/AppData/Roaming/.minecraft/fancymenu_data/fancymenu_temp/web/videoplayer/player.html?volume=1.0&fillScreen=false&loop=false&autoPlay=false (83)
[0914/194817.247:WARNING:chrome_browser_cloud_management_controller.cc(88)] Could not create policy manager as CBCM is not enabled.
[0914/194830.942:INFO:CONSOLE(2)] "[FancyMenu] Initializing JavaScript API...", source: file:///C:/Users/123/AppData/Roaming/.minecraft/fancymenu_data/fancymenu_temp/web/videoplayer/player.html?volume=1.0&fillScreen=false&loop=false&autoPlay=false (2)
[0914/194830.942:INFO:CONSOLE(3)] "[FancyMenu] typeof window.cefQuery: function", source: file:///C:/Users/123/AppData/Roaming/.minecraft/fancymenu_data/fancymenu_temp/web/videoplayer/player.html?volume=1.0&fillScreen=false&loop=false&autoPlay=false (3)
[0914/194830.942:INFO:CONSOLE(10)] "[FancyMenu] cefQuery found after 1 attempts", source: file:///C:/Users/123/AppData/Roaming/.minecraft/fancymenu_data/fancymenu_temp/web/videoplayer/player.html?volume=1.0&fillScreen=false&loop=false&autoPlay=false (10)
[0914/194830.942:INFO:CONSOLE(83)] "[FancyMenu] API initialized successfully", source: file:///C:/Users/123/AppData/Roaming/.minecraft/fancymenu_data/fancymenu_temp/web/videoplayer/player.html?volume=1.0&fillScreen=false&loop=false&autoPlay=false (83)
[0914/194924.354:INFO:CONSOLE(2)] "[FancyMenu] Initializing JavaScript API...", source: file:///C:/Users/123/AppData/Roaming/.minecraft/fancymenu_data/fancymenu_temp/web/videoplayer/player.html?volume=1.0&fillScreen=false&loop=false&autoPlay=false (2)
[0914/194924.354:INFO:CONSOLE(3)] "[FancyMenu] typeof window.cefQuery: function", source: file:///C:/Users/123/AppData/Roaming/.minecraft/fancymenu_data/fancymenu_temp/web/videoplayer/player.html?volume=1.0&fillScreen=false&loop=false&autoPlay=false (3)
[0914/194924.354:INFO:CONSOLE(10)] "[FancyMenu] cefQuery found after 1 attempts", source: file:///C:/Users/123/AppData/Roaming/.minecraft/fancymenu_data/fancymenu_temp/web/videoplayer/player.html?volume=1.0&fillScreen=false&loop=false&autoPlay=false (10)
[0914/194924.354:INFO:CONSOLE(83)] "[FancyMenu] API initialized successfully", source: file:///C:/Users/123/AppData/Roaming/.minecraft/fancymenu_data/fancymenu_temp/web/videoplayer/player.html?volume=1.0&fillScreen=false&loop=false&autoPlay=false (83)
[0914/195344.206:WARNING:chrome_browser_cloud_management_controller.cc(88)] Could not create policy manager as CBCM is not enabled.
[0914/195358.609:INFO:CONSOLE(2)] "[FancyMenu] Initializing JavaScript API...", source: file:///C:/Users/123/AppData/Roaming/.minecraft/fancymenu_data/fancymenu_temp/web/videoplayer/player.html?volume=1.0&fillScreen=false&loop=false&autoPlay=false (2)
[0914/195358.609:INFO:CONSOLE(3)] "[FancyMenu] typeof window.cefQuery: function", source: file:///C:/Users/123/AppData/Roaming/.minecraft/fancymenu_data/fancymenu_temp/web/videoplayer/player.html?volume=1.0&fillScreen=false&loop=false&autoPlay=false (3)
[0914/195358.609:INFO:CONSOLE(10)] "[FancyMenu] cefQuery found after 1 attempts", source: file:///C:/Users/123/AppData/Roaming/.minecraft/fancymenu_data/fancymenu_temp/web/videoplayer/player.html?volume=1.0&fillScreen=false&loop=false&autoPlay=false (10)
[0914/195358.609:INFO:CONSOLE(83)] "[FancyMenu] API initialized successfully", source: file:///C:/Users/123/AppData/Roaming/.minecraft/fancymenu_data/fancymenu_temp/web/videoplayer/player.html?volume=1.0&fillScreen=false&loop=false&autoPlay=false (83)
[0914/203411.068:INFO:CONSOLE(2)] "[FancyMenu] Initializing JavaScript API...", source: file:///C:/Users/123/AppData/Roaming/.minecraft/fancymenu_data/fancymenu_temp/web/videoplayer/player.html?volume=1.0&fillScreen=false&loop=false&autoPlay=false (2)
[0914/203411.069:INFO:CONSOLE(3)] "[FancyMenu] typeof window.cefQuery: function", source: file:///C:/Users/123/AppData/Roaming/.minecraft/fancymenu_data/fancymenu_temp/web/videoplayer/player.html?volume=1.0&fillScreen=false&loop=false&autoPlay=false (3)
[0914/203411.069:INFO:CONSOLE(10)] "[FancyMenu] cefQuery found after 1 attempts", source: file:///C:/Users/123/AppData/Roaming/.minecraft/fancymenu_data/fancymenu_temp/web/videoplayer/player.html?volume=1.0&fillScreen=false&loop=false&autoPlay=false (10)
[0914/203411.069:INFO:CONSOLE(83)] "[FancyMenu] API initialized successfully", source: file:///C:/Users/123/AppData/Roaming/.minecraft/fancymenu_data/fancymenu_temp/web/videoplayer/player.html?volume=1.0&fillScreen=false&loop=false&autoPlay=false (83)
[0914/203557.457:WARNING:chrome_browser_cloud_management_controller.cc(88)] Could not create policy manager as CBCM is not enabled.
[0914/203617.120:INFO:CONSOLE(2)] "[FancyMenu] Initializing JavaScript API...", source: file:///C:/Users/123/AppData/Roaming/.minecraft/fancymenu_data/fancymenu_temp/web/videoplayer/player.html?volume=1.0&fillScreen=false&loop=false&autoPlay=false (2)
[0914/203617.121:INFO:CONSOLE(3)] "[FancyMenu] typeof window.cefQuery: function", source: file:///C:/Users/123/AppData/Roaming/.minecraft/fancymenu_data/fancymenu_temp/web/videoplayer/player.html?volume=1.0&fillScreen=false&loop=false&autoPlay=false (3)
[0914/203617.121:INFO:CONSOLE(10)] "[FancyMenu] cefQuery found after 1 attempts", source: file:///C:/Users/123/AppData/Roaming/.minecraft/fancymenu_data/fancymenu_temp/web/videoplayer/player.html?volume=1.0&fillScreen=false&loop=false&autoPlay=false (10)
[0914/203617.121:INFO:CONSOLE(83)] "[FancyMenu] API initialized successfully", source: file:///C:/Users/123/AppData/Roaming/.minecraft/fancymenu_data/fancymenu_temp/web/videoplayer/player.html?volume=1.0&fillScreen=false&loop=false&autoPlay=false (83)
[0914/211342.081:INFO:CONSOLE(2)] "[FancyMenu] Initializing JavaScript API...", source: file:///C:/Users/123/AppData/Roaming/.minecraft/fancymenu_data/fancymenu_temp/web/videoplayer/player.html?volume=1.0&fillScreen=false&loop=false&autoPlay=false (2)
[0914/211342.081:INFO:CONSOLE(3)] "[FancyMenu] typeof window.cefQuery: function", source: file:///C:/Users/123/AppData/Roaming/.minecraft/fancymenu_data/fancymenu_temp/web/videoplayer/player.html?volume=1.0&fillScreen=false&loop=false&autoPlay=false (3)
[0914/211342.081:INFO:CONSOLE(10)] "[FancyMenu] cefQuery found after 1 attempts", source: file:///C:/Users/123/AppData/Roaming/.minecraft/fancymenu_data/fancymenu_temp/web/videoplayer/player.html?volume=1.0&fillScreen=false&loop=false&autoPlay=false (10)
[0914/211342.082:INFO:CONSOLE(83)] "[FancyMenu] API initialized successfully", source: file:///C:/Users/123/AppData/Roaming/.minecraft/fancymenu_data/fancymenu_temp/web/videoplayer/player.html?volume=1.0&fillScreen=false&loop=false&autoPlay=false (83)
[0914/211610.162:WARNING:chrome_browser_cloud_management_controller.cc(88)] Could not create policy manager as CBCM is not enabled.
[0914/211622.770:INFO:CONSOLE(2)] "[FancyMenu] Initializing JavaScript API...", source: file:///C:/Users/123/AppData/Roaming/.minecraft/fancymenu_data/fancymenu_temp/web/videoplayer/player.html?volume=1.0&fillScreen=false&loop=false&autoPlay=false (2)
[0914/211622.770:INFO:CONSOLE(3)] "[FancyMenu] typeof window.cefQuery: function", source: file:///C:/Users/123/AppData/Roaming/.minecraft/fancymenu_data/fancymenu_temp/web/videoplayer/player.html?volume=1.0&fillScreen=false&loop=false&autoPlay=false (3)
[0914/211622.770:INFO:CONSOLE(10)] "[FancyMenu] cefQuery found after 1 attempts", source: file:///C:/Users/123/AppData/Roaming/.minecraft/fancymenu_data/fancymenu_temp/web/videoplayer/player.html?volume=1.0&fillScreen=false&loop=false&autoPlay=false (10)
[0914/211622.770:INFO:CONSOLE(83)] "[FancyMenu] API initialized successfully", source: file:///C:/Users/123/AppData/Roaming/.minecraft/fancymenu_data/fancymenu_temp/web/videoplayer/player.html?volume=1.0&fillScreen=false&loop=false&autoPlay=false (83)
[0914/211647.475:WARNING:frame_host_impl.cc(609)] SendJavaScript sent to detached frame 21474836481 [5,1] (main) will be ignored
[0914/211905.301:INFO:CONSOLE(2)] "[FancyMenu] Initializing JavaScript API...", source: file:///C:/Users/123/AppData/Roaming/.minecraft/fancymenu_data/fancymenu_temp/web/videoplayer/player.html?volume=1.0&fillScreen=false&loop=false&autoPlay=false (2)
[0914/211905.301:INFO:CONSOLE(3)] "[FancyMenu] typeof window.cefQuery: function", source: file:///C:/Users/123/AppData/Roaming/.minecraft/fancymenu_data/fancymenu_temp/web/videoplayer/player.html?volume=1.0&fillScreen=false&loop=false&autoPlay=false (3)
[0914/211905.301:INFO:CONSOLE(10)] "[FancyMenu] cefQuery found after 1 attempts", source: file:///C:/Users/123/AppData/Roaming/.minecraft/fancymenu_data/fancymenu_temp/web/videoplayer/player.html?volume=1.0&fillScreen=false&loop=false&autoPlay=false (10)
[0914/211905.302:INFO:CONSOLE(83)] "[FancyMenu] API initialized successfully", source: file:///C:/Users/123/AppData/Roaming/.minecraft/fancymenu_data/fancymenu_temp/web/videoplayer/player.html?volume=1.0&fillScreen=false&loop=false&autoPlay=false (83)
[0914/222635.995:WARNING:chrome_browser_cloud_management_controller.cc(88)] Could not create policy manager as CBCM is not enabled.
[0914/222649.987:INFO:CONSOLE(2)] "[FancyMenu] Initializing JavaScript API...", source: file:///C:/Users/123/AppData/Roaming/.minecraft/fancymenu_data/fancymenu_temp/web/videoplayer/player.html?volume=1.0&fillScreen=false&loop=false&autoPlay=false (2)
[0914/222649.987:INFO:CONSOLE(3)] "[FancyMenu] typeof window.cefQuery: function", source: file:///C:/Users/123/AppData/Roaming/.minecraft/fancymenu_data/fancymenu_temp/web/videoplayer/player.html?volume=1.0&fillScreen=false&loop=false&autoPlay=false (3)
[0914/222649.987:INFO:CONSOLE(10)] "[FancyMenu] cefQuery found after 1 attempts", source: file:///C:/Users/123/AppData/Roaming/.minecraft/fancymenu_data/fancymenu_temp/web/videoplayer/player.html?volume=1.0&fillScreen=false&loop=false&autoPlay=false (10)
[0914/222649.987:INFO:CONSOLE(83)] "[FancyMenu] API initialized successfully", source: file:///C:/Users/123/AppData/Roaming/.minecraft/fancymenu_data/fancymenu_temp/web/videoplayer/player.html?volume=1.0&fillScreen=false&loop=false&autoPlay=false (83)
[0914/222800.366:WARNING:chrome_browser_cloud_management_controller.cc(88)] Could not create policy manager as CBCM is not enabled.
[0914/222814.122:INFO:CONSOLE(2)] "[FancyMenu] Initializing JavaScript API...", source: file:///C:/Users/123/AppData/Roaming/.minecraft/fancymenu_data/fancymenu_temp/web/videoplayer/player.html?volume=1.0&fillScreen=false&loop=false&autoPlay=false (2)
[0914/222814.122:INFO:CONSOLE(3)] "[FancyMenu] typeof window.cefQuery: function", source: file:///C:/Users/123/AppData/Roaming/.minecraft/fancymenu_data/fancymenu_temp/web/videoplayer/player.html?volume=1.0&fillScreen=false&loop=false&autoPlay=false (3)
[0914/222814.122:INFO:CONSOLE(10)] "[FancyMenu] cefQuery found after 1 attempts", source: file:///C:/Users/123/AppData/Roaming/.minecraft/fancymenu_data/fancymenu_temp/web/videoplayer/player.html?volume=1.0&fillScreen=false&loop=false&autoPlay=false (10)
[0914/222814.122:INFO:CONSOLE(83)] "[FancyMenu] API initialized successfully", source: file:///C:/Users/123/AppData/Roaming/.minecraft/fancymenu_data/fancymenu_temp/web/videoplayer/player.html?volume=1.0&fillScreen=false&loop=false&autoPlay=false (83)
[0914/222848.743:WARNING:frame_host_impl.cc(609)] SendJavaScript sent to detached frame 21474836481 [5,1] (main) will be ignored
[0914/222910.840:INFO:CONSOLE(2)] "[FancyMenu] Initializing JavaScript API...", source: file:///C:/Users/123/AppData/Roaming/.minecraft/fancymenu_data/fancymenu_temp/web/videoplayer/player.html?volume=1.0&fillScreen=false&loop=false&autoPlay=false (2)
[0914/222910.840:INFO:CONSOLE(3)] "[FancyMenu] typeof window.cefQuery: function", source: file:///C:/Users/123/AppData/Roaming/.minecraft/fancymenu_data/fancymenu_temp/web/videoplayer/player.html?volume=1.0&fillScreen=false&loop=false&autoPlay=false (3)
[0914/222910.841:INFO:CONSOLE(10)] "[FancyMenu] cefQuery found after 1 attempts", source: file:///C:/Users/123/AppData/Roaming/.minecraft/fancymenu_data/fancymenu_temp/web/videoplayer/player.html?volume=1.0&fillScreen=false&loop=false&autoPlay=false (10)
[0914/222910.841:INFO:CONSOLE(83)] "[FancyMenu] API initialized successfully", source: file:///C:/Users/123/AppData/Roaming/.minecraft/fancymenu_data/fancymenu_temp/web/videoplayer/player.html?volume=1.0&fillScreen=false&loop=false&autoPlay=false (83)
[0914/222926.168:WARNING:frame_host_impl.cc(609)] SendJavaScript sent to detached frame 25769803777 [6,1] (main) will be ignored
[0914/223100.029:INFO:CONSOLE(2)] "[FancyMenu] Initializing JavaScript API...", source: file:///C:/Users/123/AppData/Roaming/.minecraft/fancymenu_data/fancymenu_temp/web/videoplayer/player.html?volume=1.0&fillScreen=false&loop=false&autoPlay=false (2)
[0914/223100.029:INFO:CONSOLE(3)] "[FancyMenu] typeof window.cefQuery: function", source: file:///C:/Users/123/AppData/Roaming/.minecraft/fancymenu_data/fancymenu_temp/web/videoplayer/player.html?volume=1.0&fillScreen=false&loop=false&autoPlay=false (3)
[0914/223100.029:INFO:CONSOLE(10)] "[FancyMenu] cefQuery found after 1 attempts", source: file:///C:/Users/123/AppData/Roaming/.minecraft/fancymenu_data/fancymenu_temp/web/videoplayer/player.html?volume=1.0&fillScreen=false&loop=false&autoPlay=false (10)
[0914/223100.029:INFO:CONSOLE(83)] "[FancyMenu] API initialized successfully", source: file:///C:/Users/123/AppData/Roaming/.minecraft/fancymenu_data/fancymenu_temp/web/videoplayer/player.html?volume=1.0&fillScreen=false&loop=false&autoPlay=false (83)
[0914/223717.568:WARNING:frame_host_impl.cc(609)] SendJavaScript sent to detached frame 34359738369 [8,1] (main) will be ignored
[0914/223907.259:INFO:CONSOLE(2)] "[FancyMenu] Initializing JavaScript API...", source: file:///C:/Users/123/AppData/Roaming/.minecraft/fancymenu_data/fancymenu_temp/web/videoplayer/player.html?volume=1.0&fillScreen=false&loop=false&autoPlay=false (2)
[0914/223907.259:INFO:CONSOLE(3)] "[FancyMenu] typeof window.cefQuery: function", source: file:///C:/Users/123/AppData/Roaming/.minecraft/fancymenu_data/fancymenu_temp/web/videoplayer/player.html?volume=1.0&fillScreen=false&loop=false&autoPlay=false (3)
[0914/223907.259:INFO:CONSOLE(10)] "[FancyMenu] cefQuery found after 1 attempts", source: file:///C:/Users/123/AppData/Roaming/.minecraft/fancymenu_data/fancymenu_temp/web/videoplayer/player.html?volume=1.0&fillScreen=false&loop=false&autoPlay=false (10)
[0914/223907.259:INFO:CONSOLE(83)] "[FancyMenu] API initialized successfully", source: file:///C:/Users/123/AppData/Roaming/.minecraft/fancymenu_data/fancymenu_temp/web/videoplayer/player.html?volume=1.0&fillScreen=false&loop=false&autoPlay=false (83)
[0914/223920.168:WARNING:frame_host_impl.cc(609)] SendJavaScript sent to detached frame 42949672961 [10,1] (main) will be ignored
[0914/224710.517:INFO:CONSOLE(2)] "[FancyMenu] Initializing JavaScript API...", source: file:///C:/Users/123/AppData/Roaming/.minecraft/fancymenu_data/fancymenu_temp/web/videoplayer/player.html?volume=1.0&fillScreen=false&loop=false&autoPlay=false (2)
[0914/224710.517:INFO:CONSOLE(3)] "[FancyMenu] typeof window.cefQuery: function", source: file:///C:/Users/123/AppData/Roaming/.minecraft/fancymenu_data/fancymenu_temp/web/videoplayer/player.html?volume=1.0&fillScreen=false&loop=false&autoPlay=false (3)
[0914/224710.517:INFO:CONSOLE(10)] "[FancyMenu] cefQuery found after 1 attempts", source: file:///C:/Users/123/AppData/Roaming/.minecraft/fancymenu_data/fancymenu_temp/web/videoplayer/player.html?volume=1.0&fillScreen=false&loop=false&autoPlay=false (10)
[0914/224710.517:INFO:CONSOLE(83)] "[FancyMenu] API initialized successfully", source: file:///C:/Users/123/AppData/Roaming/.minecraft/fancymenu_data/fancymenu_temp/web/videoplayer/player.html?volume=1.0&fillScreen=false&loop=false&autoPlay=false (83)
